<?xml version="1.0" encoding="utf-8"?><testsuites name="pytest tests"><testsuite name="pytest" errors="0" failures="1" skipped="0" tests="8" time="4.962" timestamp="2026-02-14T03:26:09.927433+00:00" hostname="agent-env-4ffd3b53-117a-4403-a64d-52db24bc5da6"><testcase classname="backend.tests.test_owner_portal.TestOwnerAuth" name="test_owner_login_success" time="0.545" /><testcase classname="backend.tests.test_owner_portal.TestOwnerAuth" name="test_owner_login_invalid_credentials" time="0.541" /><testcase classname="backend.tests.test_owner_portal.TestOwnerRevenue" name="test_get_revenue" time="0.645" /><testcase classname="backend.tests.test_owner_portal.TestOwnerRevenue" name="test_stripe_connect" time="0.797"><failure message="AssertionError: Unexpected status: 520&#10;assert 520 in [200, 500]&#10; +  where 520 = &lt;Response [520]&gt;.status_code">backend/tests/test_owner_portal.py:96: in test_stripe_connect
    assert response.status_code in [200, 500], f"Unexpected status: {response.status_code}"
E   AssertionError: Unexpected status: 520
E   assert 520 in [200, 500]
E    +  where 520 = &lt;Response [520]&gt;.status_code</failure></testcase><testcase classname="backend.tests.test_owner_portal.TestOwnerAnalytics" name="test_analytics_overview" time="0.575" /><testcase classname="backend.tests.test_owner_portal.TestOwnerAnalytics" name="test_analytics_leaderboard" time="0.547" /><testcase classname="backend.tests.test_owner_portal.TestOwnerCases" name="test_get_cases" time="0.581" /><testcase classname="backend.tests.test_owner_portal.TestOwnerUsers" name="test_get_users" time="0.595" /></testsuite></testsuites>